0 info it worked if it ends with ok
1 verbose cli [
1 verbose cli   '/Users/zhoujian/.nvm/versions/node/v15.0.0/bin/node',
1 verbose cli   '/usr/local/lib/node_modules/cnpm/node_modules/.bin/npm',
1 verbose cli   '--userconfig=/Users/zhoujian/.cnpmrc',
1 verbose cli   '--disturl=https://npm.taobao.org/mirrors/node',
1 verbose cli   '--registry=https://registry.npm.taobao.org',
1 verbose cli   'uninstall',
1 verbose cli   '-g',
1 verbose cli   'create-rnpx'
1 verbose cli ]
2 info using npm@3.10.10
3 info using node@v15.0.0
4 silly loadCurrentTree Starting
5 silly install loadCurrentTree
6 silly install readGlobalPackageData
7 verbose stack TypeError: cb.apply is not a function
7 verbose stack     at /usr/local/lib/node_modules/cnpm/node_modules/npm/node_modules/graceful-fs/polyfills.js:267:18
7 verbose stack     at FSReqCallback.oncomplete (node:fs:184:5)
8 verbose cwd /Users/zhoujian/work/create-rnpx
9 error Darwin 19.3.0
10 error argv "/Users/zhoujian/.nvm/versions/node/v15.0.0/bin/node" "/usr/local/lib/node_modules/cnpm/node_modules/.bin/npm" "--userconfig=/Users/zhoujian/.cnpmrc" "--disturl=https://npm.taobao.org/mirrors/node" "--registry=https://registry.npm.taobao.org" "uninstall" "-g" "create-rnpx"
11 error node v15.0.0
12 error npm  v3.10.10
13 error cb.apply is not a function
14 error If you need help, you may report this error at:
14 error     <https://github.com/npm/npm/issues>
15 verbose exit [ 1, true ]
